Command line invocation:
    /Applications/Xcode.app/Contents/Developer/usr/bin/xcodebuild -scheme RoomScanner -destination "platform=iOS Simulator,id=643A0E52-F928-4B92-AD77-31DF10DE8D82" clean build

2025-12-15 16:36:11.218 xcodebuild[6018:84865] [MT] IDERunDestination: Supported platforms for the buildables in the current scheme is empty.
CreateBuildRequest

SendProjectDescription

CreateBuildOperation

** CLEAN SUCCEEDED **

ComputePackagePrebuildTargetDependencyGraph

Prepare packages

CreateBuildRequest

SendProjectDescription

CreateBuildOperation

ComputeTargetDependencyGraph
note: Building targets in dependency order
note: Target dependency graph (1 target)
    Target 'RoomScanner' in project 'RoomScanner' (no dependencies)

GatherProvisioningInputs

CreateBuildDescription

ExecuteExternalTool /Applications/Xcode.app/Contents/Developer/Toolchains/XcodeDefault.xctoolchain/usr/bin/clang -v -E -dM -isysroot /Applications/Xcode.app/Contents/Developer/Platforms/iPhoneSimulator.platform/Developer/SDKs/iPhoneSimulator26.2.sdk -x c -c /dev/null

ExecuteExternalTool /Applications/Xcode.app/Contents/Developer/usr/bin/actool --print-asset-tag-combinations --output-format xml1 /Users/suhailtrezi/Desktop/RoomScanner/RoomScanner/Assets.xcassets

ExecuteExternalTool /Applications/Xcode.app/Contents/Developer/usr/bin/actool --version --output-format xml1

ExecuteExternalTool /Applications/Xcode.app/Contents/Developer/Toolchains/XcodeDefault.xctoolchain/usr/bin/swiftc --version

ExecuteExternalTool /Applications/Xcode.app/Contents/Developer/Toolchains/XcodeDefault.xctoolchain/usr/bin/ld -version_details

Build description signature: 0936495a8d9d7acb6f0fe393282167e4
Build description path: /Users/suhailtrezi/Library/Developer/Xcode/DerivedData/RoomScanner-hkncvxvsbyofgzaiijofulxvcucv/Build/Intermediates.noindex/XCBuildData/0936495a8d9d7acb6f0fe393282167e4.xcbuilddata
ClangStatCache /Applications/Xcode.app/Contents/Developer/Toolchains/XcodeDefault.xctoolchain/usr/bin/clang-stat-cache /Applications/Xcode.app/Contents/Developer/Platforms/iPhoneSimulator.platform/Developer/SDKs/iPhoneSimulator26.2.sdk /Users/suhailtrezi/Library/Developer/Xcode/DerivedData/SDKStatCaches.noindex/iphonesimulator26.2-23C53-7d00a8b37fbd7999ea79df8ebc024bf0.sdkstatcache
    cd /Users/suhailtrezi/Desktop/RoomScanner/RoomScanner.xcodeproj
    /Applications/Xcode.app/Contents/Developer/Toolchains/XcodeDefault.xctoolchain/usr/bin/clang-stat-cache /Applications/Xcode.app/Contents/Developer/Platforms/iPhoneSimulator.platform/Developer/SDKs/iPhoneSimulator26.2.sdk -o /Users/suhailtrezi/Library/Developer/Xcode/DerivedData/SDKStatCaches.noindex/iphonesimulator26.2-23C53-7d00a8b37fbd7999ea79df8ebc024bf0.sdkstatcache

CreateBuildDirectory /Users/suhailtrezi/Library/Developer/Xcode/DerivedData/RoomScanner-hkncvxvsbyofgzaiijofulxvcucv/Build/Products
    cd /Users/suhailtrezi/Desktop/RoomScanner/RoomScanner.xcodeproj
    builtin-create-build-directory /Users/suhailtrezi/Library/Developer/Xcode/DerivedData/RoomScanner-hkncvxvsbyofgzaiijofulxvcucv/Build/Products

CreateBuildDirectory /Users/suhailtrezi/Library/Developer/Xcode/DerivedData/RoomScanner-hkncvxvsbyofgzaiijofulxvcucv/Build/Intermediates.noindex
    cd /Users/suhailtrezi/Desktop/RoomScanner/RoomScanner.xcodeproj
    builtin-create-build-directory /Users/suhailtrezi/Library/Developer/Xcode/DerivedData/RoomScanner-hkncvxvsbyofgzaiijofulxvcucv/Build/Intermediates.noindex

CreateBuildDirectory /Users/suhailtrezi/Library/Developer/Xcode/DerivedData/RoomScanner-hkncvxvsbyofgzaiijofulxvcucv/Build/Intermediates.noindex/SwiftExplicitPrecompiledModules
    cd /Users/suhailtrezi/Desktop/RoomScanner/RoomScanner.xcodeproj
    builtin-create-build-directory /Users/suhailtrezi/Library/Developer/Xcode/DerivedData/RoomScanner-hkncvxvsbyofgzaiijofulxvcucv/Build/Intermediates.noindex/SwiftExplicitPrecompiledModules

CreateBuildDirectory /Users/suhailtrezi/Library/Developer/Xcode/DerivedData/RoomScanner-hkncvxvsbyofgzaiijofulxvcucv/Build/Intermediates.noindex/ExplicitPrecompiledModules
    cd /Users/suhailtrezi/Desktop/RoomScanner/RoomScanner.xcodeproj
    builtin-create-build-directory /Users/suhailtrezi/Library/Developer/Xcode/DerivedData/RoomScanner-hkncvxvsbyofgzaiijofulxvcucv/Build/Intermediates.noindex/ExplicitPrecompiledModules

CreateBuildDirectory /Users/suhailtrezi/Library/Developer/Xcode/DerivedData/RoomScanner-hkncvxvsbyofgzaiijofulxvcucv/Build/Intermediates.noindex/EagerLinkingTBDs/Debug-iphonesimulator
    cd /Users/suhailtrezi/Desktop/RoomScanner/RoomScanner.xcodeproj
    builtin-create-build-directory /Users/suhailtrezi/Library/Developer/Xcode/DerivedData/RoomScanner-hkncvxvsbyofgzaiijofulxvcucv/Build/Intermediates.noindex/EagerLinkingTBDs/Debug-iphonesimulator

CreateBuildDirectory /Users/suhailtrezi/Library/Developer/Xcode/DerivedData/RoomScanner-hkncvxvsbyofgzaiijofulxvcucv/Build/Products/Debug-iphonesimulator
    cd /Users/suhailtrezi/Desktop/RoomScanner/RoomScanner.xcodeproj
    builtin-create-build-directory /Users/suhailtrezi/Library/Developer/Xcode/DerivedData/RoomScanner-hkncvxvsbyofgzaiijofulxvcucv/Build/Products/Debug-iphonesimulator

WriteAuxiliaryFile /Users/suhailtrezi/Library/Developer/Xcode/DerivedData/RoomScanner-hkncvxvsbyofgzaiijofulxvcucv/Build/Intermediates.noindex/RoomScanner.build/Debug-iphonesimulator/RoomScanner-69ebc557dd7338b78378e954482f2f64-VFS-iphonesimulator/all-product-headers.yaml
    cd /Users/suhailtrezi/Desktop/RoomScanner/RoomScanner.xcodeproj
    write-file /Users/suhailtrezi/Library/Developer/Xcode/DerivedData/RoomScanner-hkncvxvsbyofgzaiijofulxvcucv/Build/Intermediates.noindex/RoomScanner.build/Debug-iphonesimulator/RoomScanner-69ebc557dd7338b78378e954482f2f64-VFS-iphonesimulator/all-product-headers.yaml

WriteAuxiliaryFile /Users/suhailtrezi/Library/Developer/Xcode/DerivedData/RoomScanner-hkncvxvsbyofgzaiijofulxvcucv/Build/Intermediates.noindex/RoomScanner.build/Debug-iphonesimulator/RoomScanner.build/RoomScanner-own-target-headers.hmap (in target 'RoomScanner' from project 'RoomScanner')
    cd /Users/suhailtrezi/Desktop/RoomScanner
    write-file /Users/suhailtrezi/Library/Developer/Xcode/DerivedData/RoomScanner-hkncvxvsbyofgzaiijofulxvcucv/Build/Intermediates.noindex/RoomScanner.build/Debug-iphonesimulator/RoomScanner.build/RoomScanner-own-target-headers.hmap

WriteAuxiliaryFile /Users/suhailtrezi/Library/Developer/Xcode/DerivedData/RoomScanner-hkncvxvsbyofgzaiijofulxvcucv/Build/Intermediates.noindex/RoomScanner.build/Debug-iphonesimulator/RoomScanner.build/empty-RoomScanner.plist (in target 'RoomScanner' from project 'RoomScanner')
    cd /Users/suhailtrezi/Desktop/RoomScanner
    write-file /Users/suhailtrezi/Library/Developer/Xcode/DerivedData/RoomScanner-hkncvxvsbyofgzaiijofulxvcucv/Build/Intermediates.noindex/RoomScanner.build/Debug-iphonesimulator/RoomScanner.build/empty-RoomScanner.plist

WriteAuxiliaryFile /Users/suhailtrezi/Library/Developer/Xcode/DerivedData/RoomScanner-hkncvxvsbyofgzaiijofulxvcucv/Build/Intermediates.noindex/RoomScanner.build/Debug-iphonesimulator/RoomScanner.build/RoomScanner-generated-files.hmap (in target 'RoomScanner' from project 'RoomScanner')
    cd /Users/suhailtrezi/Desktop/RoomScanner
    write-file /Users/suhailtrezi/Library/Developer/Xcode/DerivedData/RoomScanner-hkncvxvsbyofgzaiijofulxvcucv/Build/Intermediates.noindex/RoomScanner.build/Debug-iphonesimulator/RoomScanner.build/RoomScanner-generated-files.hmap

WriteAuxiliaryFile /Users/suhailtrezi/Library/Developer/Xcode/DerivedData/RoomScanner-hkncvxvsbyofgzaiijofulxvcucv/Build/Intermediates.noindex/RoomScanner.build/Debug-iphonesimulator/RoomScanner.build/RoomScanner.hmap (in target 'RoomScanner' from project 'RoomScanner')
    cd /Users/suhailtrezi/Desktop/RoomScanner
    write-file /Users/suhailtrezi/Library/Developer/Xcode/DerivedData/RoomScanner-hkncvxvsbyofgzaiijofulxvcucv/Build/Intermediates.noindex/RoomScanner.build/Debug-iphonesimulator/RoomScanner.build/RoomScanner.hmap

WriteAuxiliaryFile /Users/suhailtrezi/Library/Developer/Xcode/DerivedData/RoomScanner-hkncvxvsbyofgzaiijofulxvcucv/Build/Intermediates.noindex/RoomScanner.build/Debug-iphonesimulator/RoomScanner.build/RoomScanner-project-headers.hmap (in target 'RoomScanner' from project 'RoomScanner')
    cd /Users/suhailtrezi/Desktop/RoomScanner
    write-file /Users/suhailtrezi/Library/Developer/Xcode/DerivedData/RoomScanner-hkncvxvsbyofgzaiijofulxvcucv/Build/Intermediates.noindex/RoomScanner.build/Debug-iphonesimulator/RoomScanner.build/RoomScanner-project-headers.hmap

WriteAuxiliaryFile /Users/suhailtrezi/Library/Developer/Xcode/DerivedData/RoomScanner-hkncvxvsbyofgzaiijofulxvcucv/Build/Intermediates.noindex/RoomScanner.build/Debug-iphonesimulator/RoomScanner.build/RoomScanner-all-target-headers.hmap (in target 'RoomScanner' from project 'RoomScanner')
    cd /Users/suhailtrezi/Desktop/RoomScanner
    write-file /Users/suhailtrezi/Library/Developer/Xcode/DerivedData/RoomScanner-hkncvxvsbyofgzaiijofulxvcucv/Build/Intermediates.noindex/RoomScanner.build/Debug-iphonesimulator/RoomScanner.build/RoomScanner-all-target-headers.hmap

WriteAuxiliaryFile /Users/suhailtrezi/Library/Developer/Xcode/DerivedData/RoomScanner-hkncvxvsbyofgzaiijofulxvcucv/Build/Intermediates.noindex/RoomScanner.build/Debug-iphonesimulator/RoomScanner.build/RoomScanner-all-non-framework-target-headers.hmap (in target 'RoomScanner' from project 'RoomScanner')
    cd /Users/suhailtrezi/Desktop/RoomScanner
    write-file /Users/suhailtrezi/Library/Developer/Xcode/DerivedData/RoomScanner-hkncvxvsbyofgzaiijofulxvcucv/Build/Intermediates.noindex/RoomScanner.build/Debug-iphonesimulator/RoomScanner.build/RoomScanner-all-non-framework-target-headers.hmap

WriteAuxiliaryFile /Users/suhailtrezi/Library/Developer/Xcode/DerivedData/RoomScanner-hkncvxvsbyofgzaiijofulxvcucv/Build/Intermediates.noindex/RoomScanner.build/Debug-iphonesimulator/RoomScanner.build/RoomScanner-DebugDylibInstallName-normal-x86_64.txt (in target 'RoomScanner' from project 'RoomScanner')
    cd /Users/suhailtrezi/Desktop/RoomScanner
    write-file /Users/suhailtrezi/Library/Developer/Xcode/DerivedData/RoomScanner-hkncvxvsbyofgzaiijofulxvcucv/Build/Intermediates.noindex/RoomScanner.build/Debug-iphonesimulator/RoomScanner.build/RoomScanner-DebugDylibInstallName-normal-x86_64.txt

WriteAuxiliaryFile /Users/suhailtrezi/Library/Developer/Xcode/DerivedData/RoomScanner-hkncvxvsbyofgzaiijofulxvcucv/Build/Intermediates.noindex/RoomScanner.build/Debug-iphonesimulator/RoomScanner.build/RoomScanner.DependencyStaticMetadataFileList (in target 'RoomScanner' from project 'RoomScanner')
    cd /Users/suhailtrezi/Desktop/RoomScanner
    write-file /Users/suhailtrezi/Library/Developer/Xcode/DerivedData/RoomScanner-hkncvxvsbyofgzaiijofulxvcucv/Build/Intermediates.noindex/RoomScanner.build/Debug-iphonesimulator/RoomScanner.build/RoomScanner.DependencyStaticMetadataFileList

WriteAuxiliaryFile /Users/suhailtrezi/Library/Developer/Xcode/DerivedData/RoomScanner-hkncvxvsbyofgzaiijofulxvcucv/Build/Intermediates.noindex/RoomScanner.build/Debug-iphonesimulator/RoomScanner.build/RoomScanner-DebugDylibPath-normal-x86_64.txt (in target 'RoomScanner' from project 'RoomScanner')
    cd /Users/suhailtrezi/Desktop/RoomScanner
    write-file /Users/suhailtrezi/Library/Developer/Xcode/DerivedData/RoomScanner-hkncvxvsbyofgzaiijofulxvcucv/Build/Intermediates.noindex/RoomScanner.build/Debug-iphonesimulator/RoomScanner.build/RoomScanner-DebugDylibPath-normal-x86_64.txt

WriteAuxiliaryFile /Users/suhailtrezi/Library/Developer/Xcode/DerivedData/RoomScanner-hkncvxvsbyofgzaiijofulxvcucv/Build/Intermediates.noindex/RoomScanner.build/Debug-iphonesimulator/RoomScanner.build/RoomScanner.DependencyMetadataFileList (in target 'RoomScanner' from project 'RoomScanner')
    cd /Users/suhailtrezi/Desktop/RoomScanner
    write-file /Users/suhailtrezi/Library/Developer/Xcode/DerivedData/RoomScanner-hkncvxvsbyofgzaiijofulxvcucv/Build/Intermediates.noindex/RoomScanner.build/Debug-iphonesimulator/RoomScanner.build/RoomScanner.DependencyMetadataFileList

MkDir /Users/suhailtrezi/Library/Developer/Xcode/DerivedData/RoomScanner-hkncvxvsbyofgzaiijofulxvcucv/Build/Products/Debug-iphonesimulator/RoomScanner.app (in target 'RoomScanner' from project 'RoomScanner')
    cd /Users/suhailtrezi/Desktop/RoomScanner
    /bin/mkdir -p /Users/suhailtrezi/Library/Developer/Xcode/DerivedData/RoomScanner-hkncvxvsbyofgzaiijofulxvcucv/Build/Products/Debug-iphonesimulator/RoomScanner.app

WriteAuxiliaryFile /Users/suhailtrezi/Library/Developer/Xcode/DerivedData/RoomScanner-hkncvxvsbyofgzaiijofulxvcucv/Build/Intermediates.noindex/RoomScanner.build/Debug-iphonesimulator/RoomScanner.build/Objects-normal/x86_64/RoomScanner.LinkFileList (in target 'RoomScanner' from project 'RoomScanner')
    cd /Users/suhailtrezi/Desktop/RoomScanner
    write-file /Users/suhailtrezi/Library/Developer/Xcode/DerivedData/RoomScanner-hkncvxvsbyofgzaiijofulxvcucv/Build/Intermediates.noindex/RoomScanner.build/Debug-iphonesimulator/RoomScanner.build/Objects-normal/x86_64/RoomScanner.LinkFileList

WriteAuxiliaryFile /Users/suhailtrezi/Library/Developer/Xcode/DerivedData/RoomScanner-hkncvxvsbyofgzaiijofulxvcucv/Build/Intermediates.noindex/RoomScanner.build/Debug-iphonesimulator/RoomScanner.build/Objects-normal/x86_64/RoomScanner.SwiftFileList (in target 'RoomScanner' from project 'RoomScanner')
    cd /Users/suhailtrezi/Desktop/RoomScanner
    write-file /Users/suhailtrezi/Library/Developer/Xcode/DerivedData/RoomScanner-hkncvxvsbyofgzaiijofulxvcucv/Build/Intermediates.noindex/RoomScanner.build/Debug-iphonesimulator/RoomScanner.build/Objects-normal/x86_64/RoomScanner.SwiftFileList

WriteAuxiliaryFile /Users/suhailtrezi/Library/Developer/Xcode/DerivedData/RoomScanner-hkncvxvsbyofgzaiijofulxvcucv/Build/Intermediates.noindex/RoomScanner.build/Debug-iphonesimulator/RoomScanner.build/Objects-normal/x86_64/RoomScanner.SwiftConstValuesFileList (in target 'RoomScanner' from project 'RoomScanner')
    cd /Users/suhailtrezi/Desktop/RoomScanner
    write-file /Users/suhailtrezi/Library/Developer/Xcode/DerivedData/RoomScanner-hkncvxvsbyofgzaiijofulxvcucv/Build/Intermediates.noindex/RoomScanner.build/Debug-iphonesimulator/RoomScanner.build/Objects-normal/x86_64/RoomScanner.SwiftConstValuesFileList

WriteAuxiliaryFile /Users/suhailtrezi/Library/Developer/Xcode/DerivedData/RoomScanner-hkncvxvsbyofgzaiijofulxvcucv/Build/Intermediates.noindex/RoomScanner.build/Debug-iphonesimulator/RoomScanner.build/Objects-normal/x86_64/RoomScanner-OutputFileMap.json (in target 'RoomScanner' from project 'RoomScanner')
    cd /Users/suhailtrezi/Desktop/RoomScanner
    write-file /Users/suhailtrezi/Library/Developer/Xcode/DerivedData/RoomScanner-hkncvxvsbyofgzaiijofulxvcucv/Build/Intermediates.noindex/RoomScanner.build/Debug-iphonesimulator/RoomScanner.build/Objects-normal/x86_64/RoomScanner-OutputFileMap.json

WriteAuxiliaryFile /Users/suhailtrezi/Library/Developer/Xcode/DerivedData/RoomScanner-hkncvxvsbyofgzaiijofulxvcucv/Build/Intermediates.noindex/RoomScanner.build/Debug-iphonesimulator/RoomScanner.build/Objects-normal/x86_64/RoomScanner_const_extract_protocols.json (in target 'RoomScanner' from project 'RoomScanner')
    cd /Users/suhailtrezi/Desktop/RoomScanner
    write-file /Users/suhailtrezi/Library/Developer/Xcode/DerivedData/RoomScanner-hkncvxvsbyofgzaiijofulxvcucv/Build/Intermediates.noindex/RoomScanner.build/Debug-iphonesimulator/RoomScanner.build/Objects-normal/x86_64/RoomScanner_const_extract_protocols.json

WriteAuxiliaryFile /Users/suhailtrezi/Library/Developer/Xcode/DerivedData/RoomScanner-hkncvxvsbyofgzaiijofulxvcucv/Build/Intermediates.noindex/RoomScanner.build/Debug-iphonesimulator/RoomScanner.build/DerivedSources/Entitlements-Simulated.plist (in target 'RoomScanner' from project 'RoomScanner')
    cd /Users/suhailtrezi/Desktop/RoomScanner
    write-file /Users/suhailtrezi/Library/Developer/Xcode/DerivedData/RoomScanner-hkncvxvsbyofgzaiijofulxvcucv/Build/Intermediates.noindex/RoomScanner.build/Debug-iphonesimulator/RoomScanner.build/DerivedSources/Entitlements-Simulated.plist

ProcessProductPackaging "" /Users/suhailtrezi/Library/Developer/Xcode/DerivedData/RoomScanner-hkncvxvsbyofgzaiijofulxvcucv/Build/Intermediates.noindex/RoomScanner.build/Debug-iphonesimulator/RoomScanner.build/RoomScanner.app-Simulated.xcent (in target 'RoomScanner' from project 'RoomScanner')
    cd /Users/suhailtrezi/Desktop/RoomScanner
    
    Entitlements:
    
    {
    "application-identifier" = "K4435LC3C5.com.smartvizx.RoomScanner";
}
    
    builtin-productPackagingUtility -entitlements -format xml -o /Users/suhailtrezi/Library/Developer/Xcode/DerivedData/RoomScanner-hkncvxvsbyofgzaiijofulxvcucv/Build/Intermediates.noindex/RoomScanner.build/Debug-iphonesimulator/RoomScanner.build/RoomScanner.app-Simulated.xcent

ProcessProductPackagingDER /Users/suhailtrezi/Library/Developer/Xcode/DerivedData/RoomScanner-hkncvxvsbyofgzaiijofulxvcucv/Build/Intermediates.noindex/RoomScanner.build/Debug-iphonesimulator/RoomScanner.build/RoomScanner.app-Simulated.xcent /Users/suhailtrezi/Library/Developer/Xcode/DerivedData/RoomScanner-hkncvxvsbyofgzaiijofulxvcucv/Build/Intermediates.noindex/RoomScanner.build/Debug-iphonesimulator/RoomScanner.build/RoomScanner.app-Simulated.xcent.der (in target 'RoomScanner' from project 'RoomScanner')
    cd /Users/suhailtrezi/Desktop/RoomScanner
    /usr/bin/derq query -f xml -i /Users/suhailtrezi/Library/Developer/Xcode/DerivedData/RoomScanner-hkncvxvsbyofgzaiijofulxvcucv/Build/Intermediates.noindex/RoomScanner.build/Debug-iphonesimulator/RoomScanner.build/RoomScanner.app-Simulated.xcent -o /Users/suhailtrezi/Library/Developer/Xcode/DerivedData/RoomScanner-hkncvxvsbyofgzaiijofulxvcucv/Build/Intermediates.noindex/RoomScanner.build/Debug-iphonesimulator/RoomScanner.build/RoomScanner.app-Simulated.xcent.der --raw

Ld /Users/suhailtrezi/Library/Developer/Xcode/DerivedData/RoomScanner-hkncvxvsbyofgzaiijofulxvcucv/Build/Products/Debug-iphonesimulator/RoomScanner.app/__preview.dylib normal (in target 'RoomScanner' from project 'RoomScanner')
    cd /Users/suhailtrezi/Desktop/RoomScanner
    /Applications/Xcode.app/Contents/Developer/Toolchains/XcodeDefault.xctoolchain/usr/bin/clang -Xlinker -reproducible -target x86_64-apple-ios16.0-simulator -dynamiclib -isysroot /Applications/Xcode.app/Contents/Developer/Platforms/iPhoneSimulator.platform/Developer/SDKs/iPhoneSimulator26.2.sdk -O0 -L/Users/suhailtrezi/Library/Developer/Xcode/DerivedData/RoomScanner-hkncvxvsbyofgzaiijofulxvcucv/Build/Products/Debug-iphonesimulator -F/Users/suhailtrezi/Library/Developer/Xcode/DerivedData/RoomScanner-hkncvxvsbyofgzaiijofulxvcucv/Build/Products/Debug-iphonesimulator -install_name @rpath/RoomScanner.debug.dylib -dead_strip -rdynamic -Xlinker -no_deduplicate -Xlinker -objc_abi_version -Xlinker 2 -Xlinker -debug_variant -Xlinker -dependency_info -Xlinker /Users/suhailtrezi/Library/Developer/Xcode/DerivedData/RoomScanner-hkncvxvsbyofgzaiijofulxvcucv/Build/Intermediates.noindex/RoomScanner.build/Debug-iphonesimulator/RoomScanner.build/Objects-normal/x86_64/RoomScanner_dependency_info.dat -Xlinker -sectcreate -Xlinker __TEXT -Xlinker __entitlements -Xlinker /Users/suhailtrezi/Library/Developer/Xcode/DerivedData/RoomScanner-hkncvxvsbyofgzaiijofulxvcucv/Build/Intermediates.noindex/RoomScanner.build/Debug-iphonesimulator/RoomScanner.build/RoomScanner.app-Simulated.xcent -Xlinker -sectcreate -Xlinker __TEXT -Xlinker __ents_der -Xlinker /Users/suhailtrezi/Library/Developer/Xcode/DerivedData/RoomScanner-hkncvxvsbyofgzaiijofulxvcucv/Build/Intermediates.noindex/RoomScanner.build/Debug-iphonesimulator/RoomScanner.build/RoomScanner.app-Simulated.xcent.der -Xlinker -no_adhoc_codesign -o /Users/suhailtrezi/Library/Developer/Xcode/DerivedData/RoomScanner-hkncvxvsbyofgzaiijofulxvcucv/Build/Products/Debug-iphonesimulator/RoomScanner.app/__preview.dylib

GenerateAssetSymbols /Users/suhailtrezi/Desktop/RoomScanner/RoomScanner/Assets.xcassets (in target 'RoomScanner' from project 'RoomScanner')
    cd /Users/suhailtrezi/Desktop/RoomScanner
    /Applications/Xcode.app/Contents/Developer/usr/bin/actool /Users/suhailtrezi/Desktop/RoomScanner/RoomScanner/Assets.xcassets --compile /Users/suhailtrezi/Library/Developer/Xcode/DerivedData/RoomScanner-hkncvxvsbyofgzaiijofulxvcucv/Build/Products/Debug-iphonesimulator/RoomScanner.app --output-format human-readable-text --notices --warnings --export-dependency-info /Users/suhailtrezi/Library/Developer/Xcode/DerivedData/RoomScanner-hkncvxvsbyofgzaiijofulxvcucv/Build/Intermediates.noindex/RoomScanner.build/Debug-iphonesimulator/RoomScanner.build/assetcatalog_dependencies --output-partial-info-plist /Users/suhailtrezi/Library/Developer/Xcode/DerivedData/RoomScanner-hkncvxvsbyofgzaiijofulxvcucv/Build/Intermediates.noindex/RoomScanner.build/Debug-iphonesimulator/RoomScanner.build/assetcatalog_generated_info.plist --app-icon AppIcon --accent-color AccentColor --compress-pngs --enable-on-demand-resources YES --development-region en --target-device iphone --target-device ipad --minimum-deployment-target 16.0 --platform iphonesimulator --bundle-identifier com.smartvizx.RoomScanner --generate-swift-asset-symbols /Users/suhailtrezi/Library/Developer/Xcode/DerivedData/RoomScanner-hkncvxvsbyofgzaiijofulxvcucv/Build/Intermediates.noindex/RoomScanner.build/Debug-iphonesimulator/RoomScanner.build/DerivedSources/GeneratedAssetSymbols.swift --generate-objc-asset-symbols /Users/suhailtrezi/Library/Developer/Xcode/DerivedData/RoomScanner-hkncvxvsbyofgzaiijofulxvcucv/Build/Intermediates.noindex/RoomScanner.build/Debug-iphonesimulator/RoomScanner.build/DerivedSources/GeneratedAssetSymbols.h --generate-asset-symbol-index /Users/suhailtrezi/Library/Developer/Xcode/DerivedData/RoomScanner-hkncvxvsbyofgzaiijofulxvcucv/Build/Intermediates.noindex/RoomScanner.build/Debug-iphonesimulator/RoomScanner.build/DerivedSources/GeneratedAssetSymbols-Index.plist
/* com.apple.actool.compilation-results */
/Users/suhailtrezi/Library/Developer/Xcode/DerivedData/RoomScanner-hkncvxvsbyofgzaiijofulxvcucv/Build/Intermediates.noindex/RoomScanner.build/Debug-iphonesimulator/RoomScanner.build/DerivedSources/GeneratedAssetSymbols-Index.plist
/Users/suhailtrezi/Library/Developer/Xcode/DerivedData/RoomScanner-hkncvxvsbyofgzaiijofulxvcucv/Build/Intermediates.noindex/RoomScanner.build/Debug-iphonesimulator/RoomScanner.build/DerivedSources/GeneratedAssetSymbols.h
/Users/suhailtrezi/Library/Developer/Xcode/DerivedData/RoomScanner-hkncvxvsbyofgzaiijofulxvcucv/Build/Intermediates.noindex/RoomScanner.build/Debug-iphonesimulator/RoomScanner.build/DerivedSources/GeneratedAssetSymbols.swift


MkDir /Users/suhailtrezi/Library/Developer/Xcode/DerivedData/RoomScanner-hkncvxvsbyofgzaiijofulxvcucv/Build/Intermediates.noindex/RoomScanner.build/Debug-iphonesimulator/RoomScanner.build/assetcatalog_output/unthinned (in target 'RoomScanner' from project 'RoomScanner')
    cd /Users/suhailtrezi/Desktop/RoomScanner
    /bin/mkdir -p /Users/suhailtrezi/Library/Developer/Xcode/DerivedData/RoomScanner-hkncvxvsbyofgzaiijofulxvcucv/Build/Intermediates.noindex/RoomScanner.build/Debug-iphonesimulator/RoomScanner.build/assetcatalog_output/unthinned

MkDir /Users/suhailtrezi/Library/Developer/Xcode/DerivedData/RoomScanner-hkncvxvsbyofgzaiijofulxvcucv/Build/Intermediates.noindex/RoomScanner.build/Debug-iphonesimulator/RoomScanner.build/assetcatalog_output/thinned (in target 'RoomScanner' from project 'RoomScanner')
    cd /Users/suhailtrezi/Desktop/RoomScanner
    /bin/mkdir -p /Users/suhailtrezi/Library/Developer/Xcode/DerivedData/RoomScanner-hkncvxvsbyofgzaiijofulxvcucv/Build/Intermediates.noindex/RoomScanner.build/Debug-iphonesimulator/RoomScanner.build/assetcatalog_output/thinned

CompileAssetCatalogVariant thinned /Users/suhailtrezi/Library/Developer/Xcode/DerivedData/RoomScanner-hkncvxvsbyofgzaiijofulxvcucv/Build/Products/Debug-iphonesimulator/RoomScanner.app /Users/suhailtrezi/Desktop/RoomScanner/RoomScanner/Assets.xcassets (in target 'RoomScanner' from project 'RoomScanner')
    cd /Users/suhailtrezi/Desktop/RoomScanner
    /Applications/Xcode.app/Contents/Developer/usr/bin/actool /Users/suhailtrezi/Desktop/RoomScanner/RoomScanner/Assets.xcassets --compile /Users/suhailtrezi/Library/Developer/Xcode/DerivedData/RoomScanner-hkncvxvsbyofgzaiijofulxvcucv/Build/Intermediates.noindex/RoomScanner.build/Debug-iphonesimulator/RoomScanner.build/assetcatalog_output/thinned --output-format human-readable-text --notices --warnings --export-dependency-info /Users/suhailtrezi/Library/Developer/Xcode/DerivedData/RoomScanner-hkncvxvsbyofgzaiijofulxvcucv/Build/Intermediates.noindex/RoomScanner.build/Debug-iphonesimulator/RoomScanner.build/assetcatalog_dependencies_thinned --output-partial-info-plist /Users/suhailtrezi/Library/Developer/Xcode/DerivedData/RoomScanner-hkncvxvsbyofgzaiijofulxvcucv/Build/Intermediates.noindex/RoomScanner.build/Debug-iphonesimulator/RoomScanner.build/assetcatalog_generated_info.plist_thinned --app-icon AppIcon --accent-color AccentColor --compress-pngs --enable-on-demand-resources YES --filter-for-thinning-device-configuration iPhone15,4 --filter-for-device-os-version 17.2 --development-region en --target-device iphone --target-device ipad --minimum-deployment-target 16.0 --platform iphonesimulator
